7/31/2018 8:28:07 AM	This log contains information about the import schema operation into project 'AppDev' on computer 'LPP-2541' by user 'jryan'.
7/31/2018 8:28:07 AM	Import of database schema has started.
7/31/2018 8:28:13 AM	Gathering database options
7/31/2018 8:28:13 AM	Gathering users
7/31/2018 8:28:13 AM	Gathering roles
7/31/2018 8:28:13 AM	Gathering application roles
7/31/2018 8:28:13 AM	Gathering role memberships
7/31/2018 8:28:13 AM	Gathering filegroups
7/31/2018 8:28:13 AM	Gathering full-text catalogs
7/31/2018 8:28:13 AM	Gathering assemblies
7/31/2018 8:28:13 AM	Gathering certificates
7/31/2018 8:28:13 AM	Gathering asymmetric keys
7/31/2018 8:28:13 AM	Gathering symmetric keys
7/31/2018 8:28:13 AM	Gathering encrypted symmetric keys
7/31/2018 8:28:13 AM	Gathering schemas
7/31/2018 8:28:13 AM	Gathering XML schema collections
7/31/2018 8:28:13 AM	Gathering user-defined data types
7/31/2018 8:28:13 AM	Gathering user-defined types
7/31/2018 8:28:13 AM	Gathering table types
7/31/2018 8:28:13 AM	Gathering unique keys for table types
7/31/2018 8:28:13 AM	Gathering primary keys for table types
7/31/2018 8:28:14 AM	Gathering indexes for table types
7/31/2018 8:28:14 AM	Gathering check constraints for table types
7/31/2018 8:28:14 AM	Gathering default constraints for table types
7/31/2018 8:28:14 AM	Gathering partition functions
7/31/2018 8:28:14 AM	Gathering partition schemes
7/31/2018 8:28:14 AM	Gathering functions
7/31/2018 8:28:14 AM	Gathering encrypted functions
7/31/2018 8:28:14 AM	Gathering aggregates
7/31/2018 8:28:14 AM	Gathering procedures
7/31/2018 8:28:14 AM	Gathering encrypted procedures
7/31/2018 8:28:14 AM	Gathering tables
7/31/2018 8:28:14 AM	Gathering primary keys
7/31/2018 8:28:14 AM	Gathering unique constraints
7/31/2018 8:28:14 AM	Gathering foreign keys
7/31/2018 8:28:14 AM	Gathering default constraints
7/31/2018 8:28:14 AM	Gathering check constraints
7/31/2018 8:28:14 AM	Gathering views
7/31/2018 8:28:14 AM	Gathering encrypted views
7/31/2018 8:28:14 AM	Gathering indexes
7/31/2018 8:28:14 AM	Gathering statistics
7/31/2018 8:28:14 AM	Gathering full-text index stoplists
7/31/2018 8:28:14 AM	Gathering search property lists
7/31/2018 8:28:14 AM	Gathering search properties
7/31/2018 8:28:14 AM	Gathering full-text indexes
7/31/2018 8:28:14 AM	Gathering column store indexes
7/31/2018 8:28:14 AM	Gathering spatial indexes
7/31/2018 8:28:14 AM	Gathering XML indexes
7/31/2018 8:28:14 AM	Gathering Selective XML indexes
7/31/2018 8:28:14 AM	Gathering encrypted triggers
7/31/2018 8:28:14 AM	Gathering triggers
7/31/2018 8:28:14 AM	Gathering encrypted and clr ddl triggers
7/31/2018 8:28:14 AM	Gathering ddl triggers
7/31/2018 8:28:14 AM	Gathering synonyms
7/31/2018 8:28:14 AM	Gathering defaults
7/31/2018 8:28:14 AM	Gathering data constraint uddt bindings
7/31/2018 8:28:14 AM	Gathering rules
7/31/2018 8:28:14 AM	Gathering data constraint uddt bindings
7/31/2018 8:28:14 AM	Gathering message types
7/31/2018 8:28:14 AM	Gathering queues
7/31/2018 8:28:14 AM	Gathering contracts
7/31/2018 8:28:14 AM	Gathering services
7/31/2018 8:28:14 AM	Gathering event notifications
7/31/2018 8:28:14 AM	Gathering remote service bindings
7/31/2018 8:28:14 AM	Gathering broker priorities
7/31/2018 8:28:14 AM	Gathering signatures
7/31/2018 8:28:14 AM	Gathering data compression options
7/31/2018 8:28:14 AM	Gathering sequence types
7/31/2018 8:28:14 AM	Gathering extended properties
7/31/2018 8:28:15 AM	Gathering credentials
7/31/2018 8:28:15 AM	Gathering logins
7/31/2018 8:28:15 AM	Gathering server audits
7/31/2018 8:28:15 AM	Scanning project for duplicate elements
7/31/2018 8:28:16 AM	Finished duplicate element processing
7/31/2018 8:28:16 AM	Finished importing database.
7/31/2018 8:28:16 AM	A summary of the import was saved to the following location: C:\Users\jryan\Desktop\Projects\HrsEstUpdate\AppDev\Import Schema Logs\AppDev_20180731022807.log
7/31/2018 8:28:16 AM	Click Finish to continue...
