                                                                               1
                                              10:09 Thursday, September 23, 2021
                        REHABILITATION LOANS TRANSMITTAL
                      FOR REPURCHASES EFFECTIVE 09/22/2021

    SSN    NAME                        CPB BOND_ID  CLUID               RH_LNDR

 248716569 MAULDIN, THOMAS       $1,625.70 16020161 0052200000B02277901 828476 
 248716569 MAULDIN, THOMAS       $2,789.89 16020161 0052200000B02323702 828476 
 270723968 ANDERSON, RICHARD       $175.50 0000STNF 0040270000MB1BDDA01 828476 
 270723968 ANDERSON, RICHARD       $350.64 12002012 0040270000B02175202 828476 
 270723968 ANDERSON, RICHARD       $508.83 0000STNF 0040270000MJ4YA1U01 828476 
 270723968 ANDERSON, RICHARD       $678.88 0000STNF 0040270000MF7BEAA01 828476 
 270723968 ANDERSON, RICHARD       $678.88 12002012 0040270000MGA8MUL01 828476 
 270723968 ANDERSON, RICHARD     $1,092.90 12002012 0040270000B00373201 828476 
 270723968 ANDERSON, RICHARD     $1,330.80 12002012 0040270000B02175201 828476 
 438331020 POWELL, REBECCA       $4,124.09 14002014 0036800000B02714201 828476 
 438331020 POWELL, REBECCA      $12,583.54 14002014 0036800000B02814602 828476 
 478781086 BLACHLEY, KEVIN       $3,001.84 0000STNF 0007490000A05742001 828476 
 478781086 BLACHLEY, KEVIN       $4,146.70 0000STNF 0007490000A01312601 828476 
 478781086 BLACHLEY, KEVIN       $4,502.83 0000STNF 000749SPEC007569801 828476 
 478781086 BLACHLEY, KEVIN       $4,914.85 0000STNF 000749SPEC007570002 828476 
 478781086 BLACHLEY, KEVIN       $4,997.32 0000STNF 0007490000A05742101 828476 
 478781086 BLACHLEY, KEVIN       $5,407.47 0000STNF 0007490000A09789601 828476 
 478781086 BLACHLEY, KEVIN       $5,407.48 0000STNF 0052200000A00024301 828476 
 478781086 BLACHLEY, KEVIN       $5,407.48 0000STNF 0052200000MH7G00301 828476 
 478781086 BLACHLEY, KEVIN       $6,003.60 0000STNF 0007490000A01312501 828476 
 478781086 BLACHLEY, KEVIN       $7,078.79 0000STNF 000749SPEC007569902 828476 
 478781086 BLACHLEY, KEVIN       $7,303.34 0000STNF 0007490000A10015801 828476 
 478781086 BLACHLEY, KEVIN      $14,688.45 0000STNF 0007490000A23299702 828476 
 490768299 BRUNT, WHITNEY       $12,273.75 0000STNF 0007490000A20232901 828476 
 490768299 BRUNT, WHITNEY       $14,184.35 0000STNF 0007490000A20232902 828476 
 519256445 LATIMER, HOLLY          $129.30 0000STNF 0036780000M6PP2Q301 828476 
 519256445 LATIMER, HOLLY          $276.47 0000STNF 0036780000MNX541F01 828476 
 519256445 LATIMER, HOLLY          $278.01 0000STNF 0036780000M63I4H001 828476 
 519256445 LATIMER, HOLLY          $307.56 0000STNF 0036770000MKZK00B01 828476 
 519256445 LATIMER, HOLLY          $654.02 0000STNF 0036770000M00456001 828476 
 519256445 LATIMER, HOLLY          $811.29 0000STNF 0036770000MLZO00402 828476 
 519256445 LATIMER, HOLLY          $889.49 0000STNF 0036780000M0UL2GX01 828476 
 519256445 LATIMER, HOLLY        $1,482.45 0000STNF 0036780000MHIL38U01 828476 
 519256445 LATIMER, HOLLY        $1,889.05 0000STNF 0036770000M00456002 828476 
 528213063 LIMB, CHAD            $3,668.71 14002014 0007490000A20907601 828476 
 528213063 LIMB, CHAD            $3,683.69 14002014 GLOBAL0000Z05FN6C01 828476 
 528213063 LIMB, CHAD            $4,320.06 14002014 GLOBAL0000Z05FN6C02 828476 
 528213063 LIMB, CHAD            $6,483.88 14002014 0007490000A20907602 828476 
 528394415 MCCREA, JAMIE         $3,513.77 12002012 0007490000A22397701 828476 
 528394415 MCCREA, JAMIE         $3,681.06 12002012 0007490000A23116401 828476 
 528394415 MCCREA, JAMIE         $5,210.72 12002012 0007490000A23116402 828476 
 528394415 MCCREA, JAMIE         $6,023.53 12002012 0007490000A22737201 828476 
 528394415 MCCREA, JAMIE         $8,557.38 12002012 0007490000A22737202 828476 
 528394415 MCCREA, JAMIE         $8,865.89 12002012 0007490000A22397702 828476 
 528395464 WALL, MERRILEE        $2,746.65 14002014 GLOBAL0000Z09XKZS01 828476 
 528395464 WALL, MERRILEE        $3,358.18 12002012 GLOBAL0000Z06IVG601 828476 
 528395464 WALL, MERRILEE        $5,838.95 14002014 GLOBAL0000Z09XKZS02 828476 
 
                    JOB = UTLWRH1     REPORT = ULWRH1.LWRH1R
                                                                               2
                                              10:09 Thursday, September 23, 2021
                        REHABILITATION LOANS TRANSMITTAL
                      FOR REPURCHASES EFFECTIVE 09/22/2021

                 SSN       NAME                               CPB

              528395464    WALL, MERRILEE               $6,182.67
              528395464    WALL, MERRILEE               $6,212.77
              528395464    WALL, MERRILEE               $6,814.94
              528575153    VAWDREY, ERIC                $3,875.72
              528575153    VAWDREY, ERIC                $5,213.77
              528575153    VAWDREY, ERIC                $5,443.16
              528750232    BENSON, EMILIE               $2,768.63
              528770545    CLARK, JEFF                  $1,835.77
              528770545    CLARK, JEFF                  $2,237.92
              528770545    CLARK, JEFF                  $2,486.58
              528770545    CLARK, JEFF                  $3,080.67
              528778298    ELLIS, JAIME                 $2,780.17
              528778298    ELLIS, JAIME                 $3,622.90
              528816652    BUCK, MINON                    $935.21
              528816652    BUCK, MINON                    $935.23
              528816652    BUCK, MINON                    $963.46
              528816652    BUCK, MINON                  $1,742.39
              528816652    BUCK, MINON                  $1,742.39
              528816652    BUCK, MINON                  $4,478.93
              529171019    HOLTRY, JAMIE                  $226.23
              529171019    HOLTRY, JAMIE                  $358.88
              529171019    HOLTRY, JAMIE                  $368.49

              BOND_ID     CLUID                  RH_LNDR

              0000STNF    0007490000M03690001    828476 
              12002012    GLOBAL0000Z06IVG602    828476 
              0000STNF    0007490000M03690101    828476 
              12002012    0016250000M16809801    828476 
              12002012    0016250000M17402301    828476 
              12002012    0016250000M17402302    828476 
              0000STNF    0007490000M00705101    828476 
              0000STNF    0052200000B03261301    828476 
              0000STNF    0052200000B03651602    828476 
              0000STNF    0052200000B03594901    828476 
              0000STNF    0052200000B03261302    828476 
              12002012    0036750000A13403P01    828476 
              12002012    0036750000A7VK02602    828476 
              14002014    0052200000B01687101    828476 
              14002014    0052200000B02908801    828476 
              14002014    0052200000B03245301    828476 
              14002014    0052200000B03810201    828476 
              14002014    0052200000B04016301    828476 
              14002014    0052200000B04584701    828476 
              14002014    0007490000A16810201    828476 
              0000STNF    0007490000A14537301    828476 
              14002014    0007490000A16810202    828476 
 
                    JOB = UTLWRH1     REPORT = ULWRH1.LWRH1R
                                                                               3
                                              10:09 Thursday, September 23, 2021
                        REHABILITATION LOANS TRANSMITTAL
                      FOR REPURCHASES EFFECTIVE 09/22/2021

                 SSN       NAME                               CPB

              529171019    HOLTRY, JAMIE                  $610.95
              529239580    STEED, MARCI                 $2,900.92
              529239580    STEED, MARCI                 $3,867.76
              529515469    PACE, BRIAN                 $24,642.50
              529531978    CHAVEZ-GARCIA, TRICIA        $1,253.08
              529531978    CHAVEZ-GARCIA, TRICIA        $2,089.78
              529531978    CHAVEZ-GARCIA, TRICIA        $4,500.10
              529531978    CHAVEZ-GARCIA, TRICIA        $6,006.05
              529531978    CHAVEZ-GARCIA, TRICIA        $9,437.66
              529619652    WADDOUPS, DANIEL            $19,784.63
              529619652    WADDOUPS, DANIEL            $24,500.15
              529658325    SOAKAI, VIRGINIA             $2,106.25
              529658325    SOAKAI, VIRGINIA             $3,200.93
              529658325    SOAKAI, VIRGINIA             $4,320.58
              529683054    STEVENS, JACK                  $112.78
              529683054    STEVENS, JACK                $1,358.08
              529755016    GUTHRIE, JENNIFER            $1,133.35
              529755016    GUTHRIE, JENNIFER            $1,229.70
              529755016    GUTHRIE, JENNIFER            $1,857.93
              530333471    GLAUS, BRYAN                 $2,010.50
              530333471    GLAUS, BRYAN                 $7,584.86
              539154324    GAIL, LYNSIE                 $1,033.14

              BOND_ID     CLUID                  RH_LNDR

              0000STNF    0007490000A14537302    828476 
              12002012    0036770000B02194701    828476 
              12002012    0036770000B04010801    828476 
              0000STNF    0007490000A15592101    828476 
              12002012    0036800000U02145501    828476 
              12002012    0036800000U02309501    828476 
              12002012    0036800000B00014001    828476 
              12002012    0036800000B00846601    828476 
              12002012    0036800000B01791101    828476 
              0000STNF    0007490000M04257201    828476 
              0000STNF    0007490000M04257301    828476 
              12002012    0040270000B01631501    828476 
              12002012    0040270000B00409101    828476 
              12002012    0040270000B02096502    828476 
              0000STNF    0040270000MS5YC5V02    828476 
              0000STNF    0040270000MS5YC5V01    828476 
              0000STNF    000749SPEC038377101    828476 
              0000STNF    000749SPEC038377301    828476 
              0000STNF    000749SPEC038377201    828476 
              0000STNF    0007490000A18850201    828476 
              0000STNF    0007490000A18850202    828476 
              12002012    0036800000B02187501    828476 
 
                    JOB = UTLWRH1     REPORT = ULWRH1.LWRH1R
                                                                               4
                                              10:09 Thursday, September 23, 2021
                        REHABILITATION LOANS TRANSMITTAL
                      FOR REPURCHASES EFFECTIVE 09/22/2021

    SSN          NAME                 CPB BOND_ID  CLUID               RH_LNDR

 541684951 TAYLOR, DIANA        $2,289.31 0000STNF 000749SPEC044412701 828476 
 541684951 TAYLOR, DIANA        $2,757.18 0000STNF 000749SPEC044412601 828476 
 546295524 MORRISON, CINDY      $1,007.81 12002012 0007490000A18316202 828476 
 546295524 MORRISON, CINDY      $1,150.19 12002012 0007490000A18316201 828476 
 580137853 DOCKERY, HEATHER       $583.88 12002012 0007490000A20558001 828476 
 590860687 FITT, AMELIA         $3,504.80 12002012 0016250000M15104301 828476 
 590860687 FITT, AMELIA        $10,678.67 15020151 0007490000M03171001 828476 
 602030241 RANALDI, RABECCA     $1,564.87 12002012 0036770000B00788102 828476 
 602030241 RANALDI, RABECCA     $1,783.99 12002012 0036770000M810OBR01 828476 
 602030241 RANALDI, RABECCA     $2,126.13 12002012 0036770000B03644102 828476 
 602030241 RANALDI, RABECCA     $2,292.10 12002012 0036770000B00788101 828476 
 602030241 RANALDI, RABECCA     $3,312.15 12002012 0036770000M86KODH02 828476 
 602030241 RANALDI, RABECCA     $3,569.51 12002012 0036770000MF7CQG601 828476 
 602030241 RANALDI, RABECCA     $4,713.48 12002012 0036770000MIAGS9502 828476 
 602030241 RANALDI, RABECCA     $7,611.40 12002012 0036770000B03644101 828476 
 622209009 LATHAM, NICHOLE      $2,020.25 0000STNF 0040270000M00160101 828476 
 622209009 LATHAM, NICHOLE      $2,613.95 0000STNF 0040270000M2E52A901 828476 
 622209009 LATHAM, NICHOLE      $3,919.55 0000STNF 0052200000M0UM45R01 828476 
 622209009 LATHAM, NICHOLE      $4,716.98 0000STNF 0007490000A22463401 828476 
 622209009 LATHAM, NICHOLE      $7,832.30 0000STNF 0007490000A22463402 828476 
 646059837 MESERVY, TYLER       $1,491.62 0000STNF 0040270000B03988301 828476 
 647050749 RUSSON, HEATHER      $3,348.43 0000STNF 0040270000B02474101 828476 
                            =============
                              $462,665.12                                     

                    TOTAL NUMBER OF ACCOUNTS REPURCHASED = 113
 
 
 
 
 
 
 
 
 
 
 
 
 
 
 
 
 
 
 
 
 
 
                    JOB = UTLWRH1     REPORT = ULWRH1.LWRH1R
